-----APAAC model evaluation begins-----

Decision Tree Stats

Training Data Label Count
0:1129
1:1510
Train Accuracy: 0.7010231148162183
Train Precision: 0.8386454183266933
Validation Data Label Count
0:119
1:175
Validation Accuracy: 0.5782312925170068
Validation Precision: 0.4576271186440678
Test Data Label Count
0:417
1:1124
Test Accuracy: 0.6541207008436081
Test Precision: 0.2986111111111111

SVM Stats

Training Data Label Count
0:1129
1:1510
Train Accuracy: 0.797271693823418
Train Precision: 0.977491961414791
Validation Data Label Count
0:119
1:175
Validation Accuracy: 0.5850340136054422
Validation Precision: 0.4594594594594595
Test Data Label Count
0:417
1:1124
Test Accuracy: 0.6722907203114861
Test Precision: 0.2608695652173913
