-----CTDC model evaluation begins-----

Decision Tree Stats

Training Data Label Count
0:1129
1:1510
Train Accuracy: 0.6646456991284577
Train Precision: 0.7040133779264214
Validation Data Label Count
0:119
1:175
Validation Accuracy: 0.5816326530612245
Validation Precision: 0.47058823529411764
Test Data Label Count
0:417
1:1124
Test Accuracy: 0.6482803374432187
Test Precision: 0.32193732193732194

SVM Stats

Training Data Label Count
0:1129
1:1510
Train Accuracy: 0.6384994316028799
Train Precision: 0.8252788104089219
Validation Data Label Count
0:119
1:175
Validation Accuracy: 0.5918367346938775
Validation Precision: 0.4782608695652174
Test Data Label Count
0:417
1:1124
Test Accuracy: 0.7073329007138222
Test Precision: 0.375
