-----CTriad model evaluation begins-----

Decision Tree Stats

Training Data Label Count
0:1129
1:1510
Train Accuracy: 0.9802955665024631
Train Precision: 0.9761273209549072
Validation Data Label Count
0:119
1:175
Validation Accuracy: 0.564625850340136
Validation Precision: 0.4634146341463415
Test Data Label Count
0:417
1:1124
Test Accuracy: 0.5502920181700195
Test Precision: 0.2927927927927928

SVM Stats

Training Data Label Count
0:1129
1:1510
Train Accuracy: 0.9086775293671845
Train Precision: 0.987912087912088
Validation Data Label Count
0:119
1:175
Validation Accuracy: 0.6054421768707483
Validation Precision: 0.5245901639344263
Test Data Label Count
0:417
1:1124
Test Accuracy: 0.6469824789097989
Test Precision: 0.30340557275541796
