-----k_separated_bigrams_pssm model evaluation begins-----

Decision Tree Stats

Training Data Label Count
0:1129
1:1510
Train Accuracy: 0.9109511178476696
Train Precision: 0.9452191235059761
Validation Data Label Count
0:119
1:175
Validation Accuracy: 0.5748299319727891
Validation Precision: 0.47413793103448276
Test Data Label Count
0:417
1:1124
Test Accuracy: 0.5846852693056457
Test Precision: 0.3144758735440932

SVM Stats

Training Data Label Count
0:1129
1:1510
Train Accuracy: 0.8063660477453581
Train Precision: 0.8373362445414847
Validation Data Label Count
0:119
1:175
Validation Accuracy: 0.6020408163265306
Validation Precision: 0.5102040816326531
Test Data Label Count
0:417
1:1124
Test Accuracy: 0.6301103179753407
Test Precision: 0.35260115606936415
