-----PAAC model evaluation begins-----

Decision Tree Stats

Training Data Label Count
0:1129
1:1510
Train Accuracy: 0.9958317544524441
Train Precision: 0.9929453262786596
Validation Data Label Count
0:119
1:175
Validation Accuracy: 0.5748299319727891
Validation Precision: 0.47115384615384615
Test Data Label Count
0:417
1:1124
Test Accuracy: 0.536015574302401
Test Precision: 0.2693498452012384

SVM Stats

Training Data Label Count
0:1129
1:1510
Train Accuracy: 0.815081470253884
Train Precision: 0.9360544217687075
Validation Data Label Count
0:119
1:175
Validation Accuracy: 0.5884353741496599
Validation Precision: 0.4838709677419355
Test Data Label Count
0:417
1:1124
Test Accuracy: 0.645684620376379
Test Precision: 0.2912621359223301
