-----smoothed_pssm model evaluation begins-----

Decision Tree Stats

Training Data Label Count
0:1129
1:1510
Train Accuracy: 0.9424024251610459
Train Precision: 0.910159529806885
Validation Data Label Count
0:119
1:175
Validation Accuracy: 0.5510204081632653
Validation Precision: 0.44715447154471544
Test Data Label Count
0:417
1:1124
Test Accuracy: 0.526930564568462
Test Precision: 0.2815126050420168

SVM Stats

Training Data Label Count
0:1129
1:1510
Train Accuracy: 0.7980295566502463
Train Precision: 0.8634146341463415
Validation Data Label Count
0:119
1:175
Validation Accuracy: 0.6054421768707483
Validation Precision: 0.5217391304347826
Test Data Label Count
0:417
1:1124
Test Accuracy: 0.6411421155094095
Test Precision: 0.32914572864321606
