-----aac_pssm model evaluation begins-----

Decision Tree Stats

Training Data Label Count
0:1129
1:1510
Train Accuracy: 0.7252747252747253
Train Precision: 0.7285067873303167
Validation Data Label Count
0:119
1:175
Validation Accuracy: 0.5850340136054422
Validation Precision: 0.4827586206896552
Test Data Label Count
0:417
1:1124
Test Accuracy: 0.6060999351070734
Test Precision: 0.32276119402985076

SVM Stats

Training Data Label Count
0:1129
1:1510
Train Accuracy: 0.6290261462675256
Train Precision: 0.6266891891891891
Validation Data Label Count
0:119
1:175
Validation Accuracy: 0.6054421768707483
Validation Precision: 0.5263157894736842
Test Data Label Count
0:417
1:1124
Test Accuracy: 0.6690460739779364
Test Precision: 0.3560371517027864
