-----ab_pssm model evaluation begins-----

Decision Tree Stats

Training Data Label Count
0:1129
1:1510
Train Accuracy: 0.9969685486926866
Train Precision: 0.9929639401934917
Validation Data Label Count
0:119
1:175
Validation Accuracy: 0.5884353741496599
Validation Precision: 0.4925373134328358
Test Data Label Count
0:417
1:1124
Test Accuracy: 0.5541855937702791
Test Precision: 0.2897196261682243

SVM Stats

Training Data Label Count
0:1129
1:1510
Train Accuracy: 0.7673361121636983
Train Precision: 0.8128797083839611
Validation Data Label Count
0:119
1:175
Validation Accuracy: 0.5816326530612245
Validation Precision: 0.4714285714285714
Test Data Label Count
0:417
1:1124
Test Accuracy: 0.6554185593770279
Test Precision: 0.3492063492063492
