-----CKSAAP model evaluation begins-----

Decision Tree Stats

Training Data Label Count
0:1129
1:1510
Train Accuracy: 0.969306555513452
Train Precision: 0.9869888475836431
Validation Data Label Count
0:119
1:175
Validation Accuracy: 0.564625850340136
Validation Precision: 0.4634146341463415
Test Data Label Count
0:417
1:1124
Test Accuracy: 0.5502920181700195
Test Precision: 0.27813504823151125

SVM Stats

Training Data Label Count
0:1129
1:1510
Train Accuracy: 0.9981053429329292
Train Precision: 0.99822695035461
Validation Data Label Count
0:119
1:175
Validation Accuracy: 0.6122448979591837
Validation Precision: 0.5242718446601942
Test Data Label Count
0:417
1:1124
Test Accuracy: 0.6067488643737833
Test Precision: 0.3220338983050847
