-----d_fpssm model evaluation begins-----

Decision Tree Stats

Training Data Label Count
0:1129
1:1510
Train Accuracy: 0.9806744979158772
Train Precision: 0.9926873857404022
Validation Data Label Count
0:119
1:175
Validation Accuracy: 0.5952380952380952
Validation Precision: 0.5
Test Data Label Count
0:417
1:1124
Test Accuracy: 0.5626216742375081
Test Precision: 0.30261136712749614

SVM Stats

Training Data Label Count
0:1129
1:1510
Train Accuracy: 0.6483516483516484
Train Precision: 0.7238307349665924
Validation Data Label Count
0:119
1:175
Validation Accuracy: 0.6156462585034014
Validation Precision: 0.5681818181818182
Test Data Label Count
0:417
1:1124
Test Accuracy: 0.6800778715120052
Test Precision: 0.3389830508474576
