-----DDE model evaluation begins-----

Decision Tree Stats

Training Data Label Count
0:1129
1:1510
Train Accuracy: 0.9723380068207654
Train Precision: 0.9583333333333334
Validation Data Label Count
0:119
1:175
Validation Accuracy: 0.5612244897959183
Validation Precision: 0.4596774193548387
Test Data Label Count
0:417
1:1124
Test Accuracy: 0.5133030499675535
Test Precision: 0.26582278481012656

SVM Stats

Training Data Label Count
0:1129
1:1510
Train Accuracy: 0.9594543387646836
Train Precision: 0.9904030710172744
Validation Data Label Count
0:119
1:175
Validation Accuracy: 0.5986394557823129
Validation Precision: 0.5072463768115942
Test Data Label Count
0:417
1:1124
Test Accuracy: 0.6203763789746918
Test Precision: 0.2961165048543689
