-----dp_pssm model evaluation begins-----

Decision Tree Stats

Training Data Label Count
0:1129
1:1510
Train Accuracy: 0.8245547555892383
Train Precision: 0.95
Validation Data Label Count
0:119
1:175
Validation Accuracy: 0.5850340136054422
Validation Precision: 0.48314606741573035
Test Data Label Count
0:417
1:1124
Test Accuracy: 0.6346528228423102
Test Precision: 0.32019704433497537

SVM Stats

Training Data Label Count
0:1129
1:1510
Train Accuracy: 0.9147404319818113
Train Precision: 0.959349593495935
Validation Data Label Count
0:119
1:175
Validation Accuracy: 0.6054421768707483
Validation Precision: 0.5151515151515151
Test Data Label Count
0:417
1:1124
Test Accuracy: 0.6086956521739131
Test Precision: 0.3277777777777778
