-----GAAC model evaluation begins-----

Decision Tree Stats

Training Data Label Count
0:1129
1:1510
Train Accuracy: 0.8582796513830997
Train Precision: 0.9394644935972061
Validation Data Label Count
0:119
1:175
Validation Accuracy: 0.5714285714285714
Validation Precision: 0.46236559139784944
Test Data Label Count
0:417
1:1124
Test Accuracy: 0.5606748864373783
Test Precision: 0.2440944881889764

SVM Stats

Training Data Label Count
0:1129
1:1510
Train Accuracy: 0.6040166729821902
Train Precision: 0.7258064516129032
Validation Data Label Count
0:119
1:175
Validation Accuracy: 0.6156462585034014
Validation Precision: 0.6666666666666666
Test Data Label Count
0:417
1:1124
Test Accuracy: 0.7053861129136924
Test Precision: 0.30526315789473685
