-----GDPC model evaluation begins-----

Decision Tree Stats

Training Data Label Count
0:1129
1:1510
Train Accuracy: 0.7567260325881016
Train Precision: 0.7808535178777394
Validation Data Label Count
0:119
1:175
Validation Accuracy: 0.5748299319727891
Validation Precision: 0.4634146341463415
Test Data Label Count
0:417
1:1124
Test Accuracy: 0.5704088254380273
Test Precision: 0.25646123260437376

SVM Stats

Training Data Label Count
0:1129
1:1510
Train Accuracy: 0.9946949602122016
Train Precision: 0.9964381121994658
Validation Data Label Count
0:119
1:175
Validation Accuracy: 0.6394557823129252
Validation Precision: 0.5596330275229358
Test Data Label Count
0:417
1:1124
Test Accuracy: 0.5405580791693705
Test Precision: 0.2744186046511628
