-----Geary model evaluation begins-----

Decision Tree Stats

Training Data Label Count
0:1129
1:1510
Train Accuracy: 0.9685486926866237
Train Precision: 0.9851576994434137
Validation Data Label Count
0:119
1:175
Validation Accuracy: 0.5918367346938775
Validation Precision: 0.49473684210526314
Test Data Label Count
0:417
1:1124
Test Accuracy: 0.5658663205710578
Test Precision: 0.28498293515358364

SVM Stats

Training Data Label Count
0:1129
1:1510
Train Accuracy: 0.9935581659719591
Train Precision: 0.9937833037300178
Validation Data Label Count
0:119
1:175
Validation Accuracy: 0.6224489795918368
Validation Precision: 0.54
Test Data Label Count
0:417
1:1124
Test Accuracy: 0.5827384815055159
Test Precision: 0.29454545454545455
