-----Moran model evaluation begins-----

Decision Tree Stats

Training Data Label Count
0:1129
1:1510
Train Accuracy: 0.9355816597195907
Train Precision: 0.9696376101860921
Validation Data Label Count
0:119
1:175
Validation Accuracy: 0.5782312925170068
Validation Precision: 0.47863247863247865
Test Data Label Count
0:417
1:1124
Test Accuracy: 0.5373134328358209
Test Precision: 0.25577557755775576

SVM Stats

Training Data Label Count
0:1129
1:1510
Train Accuracy: 0.986737400530504
Train Precision: 0.9927927927927928
Validation Data Label Count
0:119
1:175
Validation Accuracy: 0.5986394557823129
Validation Precision: 0.5052631578947369
Test Data Label Count
0:417
1:1124
Test Accuracy: 0.5827384815055159
Test Precision: 0.28679245283018867
