-----pse_pssm model evaluation begins-----

Decision Tree Stats

Training Data Label Count
0:1129
1:1510
Train Accuracy: 0.9981053429329292
Train Precision: 0.9955908289241623
Validation Data Label Count
0:119
1:175
Validation Accuracy: 0.6020408163265306
Validation Precision: 0.5081967213114754
Test Data Label Count
0:417
1:1124
Test Accuracy: 0.5632706035042181
Test Precision: 0.312316715542522

SVM Stats

Training Data Label Count
0:1129
1:1510
Train Accuracy: 0.6953391436150057
Train Precision: 0.7768313458262351
Validation Data Label Count
0:119
1:175
Validation Accuracy: 0.6020408163265306
Validation Precision: 0.5172413793103449
Test Data Label Count
0:417
1:1124
Test Accuracy: 0.6885139519792343
Test Precision: 0.39603960396039606
