-----pssm_ac model evaluation begins-----

Decision Tree Stats

Training Data Label Count
0:1129
1:1510
Train Accuracy: 0.9787798408488063
Train Precision: 0.9855203619909503
Validation Data Label Count
0:119
1:175
Validation Accuracy: 0.5816326530612245
Validation Precision: 0.48360655737704916
Test Data Label Count
0:417
1:1124
Test Accuracy: 0.5353666450356911
Test Precision: 0.26749611197511663

SVM Stats

Training Data Label Count
0:1129
1:1510
Train Accuracy: 0.7787040545661236
Train Precision: 0.8385093167701864
Validation Data Label Count
0:119
1:175
Validation Accuracy: 0.6054421768707483
Validation Precision: 0.5205479452054794
Test Data Label Count
0:417
1:1124
Test Accuracy: 0.6268656716417911
Test Precision: 0.31009615384615385
