-----rpssm model evaluation begins-----

Decision Tree Stats

Training Data Label Count
0:1129
1:1510
Train Accuracy: 0.76657824933687
Train Precision: 0.8210262828535669
Validation Data Label Count
0:119
1:175
Validation Accuracy: 0.6020408163265306
Validation Precision: 0.5111111111111111
Test Data Label Count
0:417
1:1124
Test Accuracy: 0.5989617131732641
Test Precision: 0.28293736501079914

SVM Stats

Training Data Label Count
0:1129
1:1510
Train Accuracy: 0.5922697991663509
Train Precision: 0.5681233933161953
Validation Data Label Count
0:119
1:175
Validation Accuracy: 0.608843537414966
Validation Precision: 0.5526315789473685
Test Data Label Count
0:417
1:1124
Test Accuracy: 0.6813757300454251
Test Precision: 0.32710280373831774
