-----TPC model evaluation begins-----

Decision Tree Stats

Training Data Label Count
0:1129
1:1510
Train Accuracy: 0.6324365289882531
Train Precision: 0.8218623481781376
Validation Data Label Count
0:119
1:175
Validation Accuracy: 0.5748299319727891
Validation Precision: 0.38461538461538464
Test Data Label Count
0:417
1:1124
Test Accuracy: 0.6924075275794939
Test Precision: 0.30612244897959184

SVM Stats

Training Data Label Count
0:1129
1:1510
Train Accuracy: 0.9901477832512315
Train Precision: 0.998193315266486
Validation Data Label Count
0:119
1:175
Validation Accuracy: 0.6224489795918368
Validation Precision: 0.5833333333333334
Test Data Label Count
0:417
1:1124
Test Accuracy: 0.6677482154445166
Test Precision: 0.28888888888888886
