-----aadp_pssm model evaluation begins-----

Decision Tree Stats

Training Data Label Count
0:1129
1:1510
Train Accuracy: 0.9818112921561197
Train Precision: 0.9762114537444934
Validation Data Label Count
0:119
1:175
Validation Accuracy: 0.5612244897959183
Validation Precision: 0.4626865671641791
Test Data Label Count
0:417
1:1124
Test Accuracy: 0.5418559377027904
Test Precision: 0.28400597907324365

SVM Stats

Training Data Label Count
0:1129
1:1510
Train Accuracy: 0.6047745358090185
Train Precision: 0.6043689320388349
Validation Data Label Count
0:119
1:175
Validation Accuracy: 0.6020408163265306
Validation Precision: 0.525
Test Data Label Count
0:417
1:1124
Test Accuracy: 0.6898118105126542
Test Precision: 0.36444444444444446
