-----CTDT model evaluation begins-----

Decision Tree Stats

Training Data Label Count
0:1129
1:1510
Train Accuracy: 0.984463812050019
Train Precision: 0.9865831842576028
Validation Data Label Count
0:119
1:175
Validation Accuracy: 0.5884353741496599
Validation Precision: 0.49122807017543857
Test Data Label Count
0:417
1:1124
Test Accuracy: 0.5327709279688514
Test Precision: 0.276218611521418

SVM Stats

Training Data Label Count
0:1129
1:1510
Train Accuracy: 0.6684350132625995
Train Precision: 0.8607954545454546
Validation Data Label Count
0:119
1:175
Validation Accuracy: 0.5918367346938775
Validation Precision: 0.47368421052631576
Test Data Label Count
0:417
1:1124
Test Accuracy: 0.6956521739130435
Test Precision: 0.30303030303030304
