-----DPC model evaluation begins-----

Decision Tree Stats

Training Data Label Count
0:1129
1:1510
Train Accuracy: 0.7438423645320197
Train Precision: 0.8756218905472637
Validation Data Label Count
0:119
1:175
Validation Accuracy: 0.5680272108843537
Validation Precision: 0.43103448275862066
Test Data Label Count
0:417
1:1124
Test Accuracy: 0.6327060350421804
Test Precision: 0.2789317507418398

SVM Stats

Training Data Label Count
0:1129
1:1510
Train Accuracy: 0.9981053429329292
Train Precision: 0.9991119005328597
Validation Data Label Count
0:119
1:175
Validation Accuracy: 0.6054421768707483
Validation Precision: 0.5161290322580645
Test Data Label Count
0:417
1:1124
Test Accuracy: 0.5866320571057755
Test Precision: 0.2940074906367041
