-----eedp model evaluation begins-----

Decision Tree Stats

Training Data Label Count
0:1129
1:1510
Train Accuracy: 0.9981053429329292
Train Precision: 0.9955908289241623
Validation Data Label Count
0:119
1:175
Validation Accuracy: 0.564625850340136
Validation Precision: 0.46017699115044247
Test Data Label Count
0:417
1:1124
Test Accuracy: 0.5249837767683323
Test Precision: 0.2687224669603524

SVM Stats

Training Data Label Count
0:1129
1:1510
Train Accuracy: 0.5911330049261084
Train Precision: 0.5644329896907216
Validation Data Label Count
0:119
1:175
Validation Accuracy: 0.6190476190476191
Validation Precision: 0.5945945945945946
Test Data Label Count
0:417
1:1124
Test Accuracy: 0.6813757300454251
Test Precision: 0.33482142857142855
