-----pssm_cc model evaluation begins-----

Decision Tree Stats

Training Data Label Count
0:1129
1:1510
Train Accuracy: 0.7726411519514967
Train Precision: 0.7658291457286432
Validation Data Label Count
0:119
1:175
Validation Accuracy: 0.5986394557823129
Validation Precision: 0.5043478260869565
Test Data Label Count
0:417
1:1124
Test Accuracy: 0.5606748864373783
Test Precision: 0.28114478114478114

SVM Stats

Training Data Label Count
0:1129
1:1510
Train Accuracy: 0.8048503220917014
Train Precision: 0.9115281501340483
Validation Data Label Count
0:119
1:175
Validation Accuracy: 0.5952380952380952
Validation Precision: 0.5
Test Data Label Count
0:417
1:1124
Test Accuracy: 0.6508760545100584
Test Precision: 0.3183183183183183
