-----tri_gram_pssm model evaluation begins-----

Decision Tree Stats

Training Data Label Count
0:1129
1:1510
Train Accuracy: 0.9298976885183782
Train Precision: 0.9691848906560636
Validation Data Label Count
0:119
1:175
Validation Accuracy: 0.6054421768707483
Validation Precision: 0.5121951219512195
Test Data Label Count
0:417
1:1124
Test Accuracy: 0.5762491888384166
Test Precision: 0.30398671096345514

SVM Stats

Training Data Label Count
0:1129
1:1510
Train Accuracy: 0.8711633194391815
Train Precision: 0.9088082901554404
Validation Data Label Count
0:119
1:175
Validation Accuracy: 0.608843537414966
Validation Precision: 0.5208333333333334
Test Data Label Count
0:417
1:1124
Test Accuracy: 0.6307592472420506
Test Precision: 0.35039370078740156
